<?xml version="1.0" encoding="UTF-8"?>
<!-- Generated by org.testng.reporters.JUnitReportReporter -->
<testsuite hostname="DESKTOP-DN8U0NL" failures="0" tests="1" name="QA_Engineer.Assignment.TestClass" time="28.917" errors="0" timestamp="2023-03-10T14:10:13 IST" skipped="0">
  <testcase classname="QA_Engineer.Assignment.TestClass" name="m1" time="28.917"/>
  <system-out/>
</testsuite> <!-- QA_Engineer.Assignment.TestClass -->
